  TestSuite.cpp
TestSuite.obj : error LNK2019: unresolved external symbol "public: void __cdecl TestExec::testFileMgr(class std::basic_string<char,struct std::char_traits<char>,class std::allocator<char> >,class std::vector<class std::basic_string<char,struct std::char_traits<char>,class std::allocator<char> >,class std::allocator<class std::basic_string<char,struct std::char_traits<char>,class std::allocator<char> > > >)" (?testFileMgr@TestExec@@QEAAXV?$basic_string@DU?$char_traits@D@std@@V?$allocator@D@2@@std@@V?$vector@V?$basic_string@DU?$char_traits@D@std@@V?$allocator@D@2@@std@@V?$allocator@V?$basic_string@DU?$char_traits@D@std@@V?$allocator@D@2@@std@@@2@@3@@Z) referenced in function main
C:\Users\Nithin\Downloads\Parser-AST_603645986\nithin\Project2_AST\x64\Debug\TestSuite.exe : fatal error LNK1120: 1 unresolved externals
